Sep 13 01:18:47 WIN-86FO1VGU3N4 MSWinEventLog 3 Security 77 Wed Sep 13 01:18:47 2023 4625 Microsoft-Windows-Security-Auditing N/A N/A Failure Audit WIN-86FO1VGU3N4 Logon  An account failed to log on.    Subject:   Security ID:  S-1-5-18   Account Name:  WIN-86FO1VGU3N4$   Account Domain:  WORKGROUP   Logon ID:  0x3E7    Logon Type:   7    Account For Which Logon Failed:   Security ID:  S-1-0-0   Account Name:  Administrator   Account Domain:  WIN-86FO1VGU3N4    Failure Information:   Failure Reason:  Unknown user name or bad password.   Status:   0xC000006D   Sub Status:  0xC000006A    Process Information:   Caller Process ID: 0x830   Caller Process Name: C:\Windows\System32\svchost.exe    Network Information:   Workstation Name: WIN-86FO1VGU3N4   Source Network Address: 127.0.0.1   Source Port:  0    Detailed Authentication Information:   Logon Process:  User32    Authentication Package: Negotiate   Transited Services: -   Package Name (NTLM only): -   Key Length:  0    This event is generated when a logon request fails. It is generated on the computer where access was attempted.    The Subject fields indicate the account on the local system which requested the logon. This is most commonly a service such as the Server service, or a local process such as Winlogon.exe or Services.exe.    The Logon Type field indicates the kind of logon that was requested. The most common types are 2 (interactive) and 3 (network).    The Process Information fields indicate which account and process on the system requested the logon.    The Network Information fields indicate where a remote logon request originated. Workstation name is not always available and may be left blank in some cases.    The authentication information fields provide detailed information about this specific logon request.   - Transited services indicate which intermediate services have participated in this logon request.   - Package name indicates which sub-protocol was used among the NTLM protocols.   - Key length indicates the length of the generated session key. This will be 0 if no session key was requested. 1180
Sep 13 01:18:48 WIN-86FO1VGU3N4 MSWinEventLog 3 Security 78 Wed Sep 13 01:18:48 2023 4625 Microsoft-Windows-Security-Auditing N/A N/A Failure Audit WIN-86FO1VGU3N4 Logon  An account failed to log on.    Subject:   Security ID:  S-1-5-18   Account Name:  WIN-86FO1VGU3N4$   Account Domain:  WORKGROUP   Logon ID:  0x3E7    Logon Type:   7    Account For Which Logon Failed:   Security ID:  S-1-0-0   Account Name:  Administrator   Account Domain:  WIN-86FO1VGU3N4    Failure Information:   Failure Reason:  Unknown user name or bad password.   Status:   0xC000006D   Sub Status:  0xC000006A    Process Information:   Caller Process ID: 0x830   Caller Process Name: C:\Windows\System32\svchost.exe    Network Information:   Workstation Name: WIN-86FO1VGU3N4   Source Network Address: 127.0.0.1   Source Port:  0    Detailed Authentication Information:   Logon Process:  User32    Authentication Package: Negotiate   Transited Services: -   Package Name (NTLM only): -   Key Length:  0    This event is generated when a logon request fails. It is generated on the computer where access was attempted.    The Subject fields indicate the account on the local system which requested the logon. This is most commonly a service such as the Server service, or a local process such as Winlogon.exe or Services.exe.    The Logon Type field indicates the kind of logon that was requested. The most common types are 2 (interactive) and 3 (network).    The Process Information fields indicate which account and process on the system requested the logon.    The Network Information fields indicate where a remote logon request originated. Workstation name is not always available and may be left blank in some cases.    The authentication information fields provide detailed information about this specific logon request.   - Transited services indicate which intermediate services have participated in this logon request.   - Package name indicates which sub-protocol was used among the NTLM protocols.   - Key length indicates the length of the generated session key. This will be 0 if no session key was requested. 1181
Sep 13 01:18:52 WIN-86FO1VGU3N4 MSWinEventLog 3 Security 79 Wed Sep 13 01:18:52 2023 4625 Microsoft-Windows-Security-Auditing N/A N/A Failure Audit WIN-86FO1VGU3N4 Logon  An account failed to log on.    Subject:   Security ID:  S-1-5-18   Account Name:  WIN-86FO1VGU3N4$   Account Domain:  WORKGROUP   Logon ID:  0x3E7    Logon Type:   7    Account For Which Logon Failed:   Security ID:  S-1-0-0   Account Name:  Administrator   Account Domain:  WIN-86FO1VGU3N4    Failure Information:   Failure Reason:  Unknown user name or bad password.   Status:   0xC000006D   Sub Status:  0xC000006A    Process Information:   Caller Process ID: 0x830   Caller Process Name: C:\Windows\System32\svchost.exe    Network Information:   Workstation Name: WIN-86FO1VGU3N4   Source Network Address: 127.0.0.1   Source Port:  0    Detailed Authentication Information:   Logon Process:  User32    Authentication Package: Negotiate   Transited Services: -   Package Name (NTLM only): -   Key Length:  0    This event is generated when a logon request fails. It is generated on the computer where access was attempted.    The Subject fields indicate the account on the local system which requested the logon. This is most commonly a service such as the Server service, or a local process such as Winlogon.exe or Services.exe.    The Logon Type field indicates the kind of logon that was requested. The most common types are 2 (interactive) and 3 (network).    The Process Information fields indicate which account and process on the system requested the logon.    The Network Information fields indicate where a remote logon request originated. Workstation name is not always available and may be left blank in some cases.    The authentication information fields provide detailed information about this specific logon request.   - Transited services indicate which intermediate services have participated in this logon request.   - Package name indicates which sub-protocol was used among the NTLM protocols.   - Key length indicates the length of the generated session key. This will be 0 if no session key was requested. 1182
Sep 13 01:19:01 WIN-86FO1VGU3N4 MSWinEventLog 1 Security 80 Wed Sep 13 01:19:01 2023 4776 Microsoft-Windows-Security-Auditing N/A N/A Success Audit WIN-86FO1VGU3N4 Credential Validation  The computer attempted to validate the credentials for an account.    Authentication Package: MICROSOFT_AUTHENTICATION_PACKAGE_V1_0  Logon Account: Administrator  Source Workstation: WIN-86FO1VGU3N4  Error Code: 0x0 1183
Sep 13 01:19:01 WIN-86FO1VGU3N4 MSWinEventLog 1 Security 81 Wed Sep 13 01:19:01 2023 4648 Microsoft-Windows-Security-Auditing N/A N/A Success Audit WIN-86FO1VGU3N4 Logon  A logon was attempted using explicit credentials.    Subject:   Security ID:  S-1-5-18   Account Name:  WIN-86FO1VGU3N4$   Account Domain:  WORKGROUP   Logon ID:  0x3E7   Logon GUID:  {00000000-0000-0000-0000-000000000000}    Account Whose Credentials Were Used:   Account Name:  Administrator   Account Domain:  WIN-86FO1VGU3N4   Logon GUID:  {00000000-0000-0000-0000-000000000000}    Target Server:   Target Server Name: localhost   Additional Information: localhost    Process Information:   Process ID:  0x830   Process Name:  C:\Windows\System32\svchost.exe    Network Information:   Network Address: 127.0.0.1   Port:   0    This event is generated when a process attempts to log on an account by explicitly specifying that account’s credentials.  This most commonly occurs in batch-type configurations such as scheduled tasks, or when using the RUNAS command. 1184
Sep 13 01:19:01 WIN-86FO1VGU3N4 MSWinEventLog 1 Security 82 Wed Sep 13 01:19:01 2023 4624 Microsoft-Windows-Security-Auditing N/A N/A Success Audit WIN-86FO1VGU3N4 Logon  An account was successfully logged on.    Subject:   Security ID:  S-1-5-18   Account Name:  WIN-86FO1VGU3N4$   Account Domain:  WORKGROUP   Logon ID:  0x3E7    Logon Information:   Logon Type:  7   Restricted Admin Mode: -   Virtual Account:  No   Elevated Token:  Yes    Impersonation Level:  Impersonation    New Logon:   Security ID:  S-1-5-21-1608369973-1191322888-227283887-500   Account Name:  Administrator   Account Domain:  WIN-86FO1VGU3N4   Logon ID:  0xF893E   Linked Logon ID:  0x0   Network Account Name: -   Network Account Domain: -   Logon GUID:  {00000000-0000-0000-0000-000000000000}    Process Information:   Process ID:  0x830   Process Name:  C:\Windows\System32\svchost.exe    Network Information:   Workstation Name: WIN-86FO1VGU3N4   Source Network Address: 127.0.0.1   Source Port:  0    Detailed Authentication Information:   Logon Process:  User32    Authentication Package: Negotiate   Transited Services: -   Package Name (NTLM only): -   Key Length:  0    This event is generated when a logon session is created. It is generated on the computer that was accessed.    The subject fields indicate the account on the local system which requested the logon. This is most commonly a service such as the Server service, or a local process such as Winlogon.exe or Services.exe.    The logon type field indicates the kind of logon that occurred. The most common types are 2 (interactive) and 3 (network).    The New Logon fields indicate the account for whom the new logon was created, i.e. the account that was logged on.    The network fields indicate where a remote logon request originated. Workstation name is not always available and may be left blank in some cases.    The impersonation level field indicates the extent to which a process in the logon session can impersonate.    The authentication information fields provide detailed information about this specific logon request.   - Logon GUID is a unique identifier that can be used to correlate this event with a KDC event.   - Transited services indicate which intermediate services have participated in this logon request.   - Package name indicates which sub-protocol was used among the NTLM protocols.   - Key length indicates the length of the generated session key. This will be 0 if no session key was requested. 1185
Sep 13 01:19:01 WIN-86FO1VGU3N4 MSWinEventLog 1 Security 83 Wed Sep 13 01:19:01 2023 4672 Microsoft-Windows-Security-Auditing N/A N/A Success Audit WIN-86FO1VGU3N4 Special Logon  Special privileges assigned to new logon.    Subject:   Security ID:  S-1-5-21-1608369973-1191322888-227283887-500   Account Name:  Administrator   Account Domain:  WIN-86FO1VGU3N4   Logon ID:  0xF893E    Privileges:  SeSecurityPrivilege     SeTakeOwnershipPrivilege     SeLoadDriverPrivilege     SeBackupPrivilege     SeRestorePrivilege     SeDebugPrivilege     SeSystemEnvironmentPrivilege     SeImpersonatePrivilege     SeDelegateSessionUserImpersonatePrivilege 1186
Sep 13 01:19:01 WIN-86FO1VGU3N4 MSWinEventLog 1 Security 84 Wed Sep 13 01:19:01 2023 4634 Microsoft-Windows-Security-Auditing N/A N/A Success Audit WIN-86FO1VGU3N4 Logoff  An account was logged off.    Subject:   Security ID:  S-1-5-21-1608369973-1191322888-227283887-500   Account Name:  Administrator   Account Domain:  WIN-86FO1VGU3N4   Logon ID:  0xF893E    Logon Type:   7    This event is generated when a logon session is destroyed. It may be positively correlated with a logon event using the Logon ID value. Logon IDs are only unique between reboots on the same computer. 1187
Sep 13 01:19:09 WIN-86FO1VGU3N4 MSWinEventLog 1 Security 85 Wed Sep 13 01:19:09 2023 4624 Microsoft-Windows-Security-Auditing N/A N/A Success Audit WIN-86FO1VGU3N4 Logon  An account was successfully logged on.    Subject:   Security ID:  S-1-5-18   Account Name:  WIN-86FO1VGU3N4$   Account Domain:  WORKGROUP   Logon ID:  0x3E7    Logon Information:   Logon Type:  5   Restricted Admin Mode: -   Virtual Account:  No   Elevated Token:  Yes    Impersonation Level:  Impersonation    New Logon:   Security ID:  S-1-5-18   Account Name:  SYSTEM   Account Domain:  NT AUTHORITY   Logon ID:  0x3E7   Linked Logon ID:  0x0   Network Account Name: -   Network Account Domain: -   Logon GUID:  {00000000-0000-0000-0000-000000000000}    Process Information:   Process ID:  0x2bc   Process Name:  C:\Windows\System32\services.exe    Network Information:   Workstation Name: -   Source Network Address: -   Source Port:  -    Detailed Authentication Information:   Logon Process:  Advapi     Authentication Package: Negotiate   Transited Services: -   Package Name (NTLM only): -   Key Length:  0    This event is generated when a logon session is created. It is generated on the computer that was accessed.    The subject fields indicate the account on the local system which requested the logon. This is most commonly a service such as the Server service, or a local process such as Winlogon.exe or Services.exe.    The logon type field indicates the kind of logon that occurred. The most common types are 2 (interactive) and 3 (network).    The New Logon fields indicate the account for whom the new logon was created, i.e. the account that was logged on.    The network fields indicate where a remote logon request originated. Workstation name is not always available and may be left blank in some cases.    The impersonation level field indicates the extent to which a process in the logon session can impersonate.    The authentication information fields provide detailed information about this specific logon request.   - Logon GUID is a unique identifier that can be used to correlate this event with a KDC event.   - Transited services indicate which intermediate services have participated in this logon request.   - Package name indicates which sub-protocol was used among the NTLM protocols.   - Key length indicates the length of the generated session key. This will be 0 if no session key was requested. 1188
Sep 13 01:19:09 WIN-86FO1VGU3N4 MSWinEventLog 1 Security 86 Wed Sep 13 01:19:09 2023 4672 Microsoft-Windows-Security-Auditing N/A N/A Success Audit WIN-86FO1VGU3N4 Special Logon  Special privileges assigned to new logon.    Subject:   Security ID:  S-1-5-18   Account Name:  SYSTEM   Account Domain:  NT AUTHORITY   Logon ID:  0x3E7    Privileges:  SeAssignPrimaryTokenPrivilege     SeTcbPrivilege     SeSecurityPrivilege     SeTakeOwnershipPrivilege     SeLoadDriverPrivilege     SeBackupPrivilege     SeRestorePrivilege     SeDebugPrivilege     SeAuditPrivilege     SeSystemEnvironmentPrivilege     SeImpersonatePrivilege     SeDelegateSessionUserImpersonatePrivilege 1189
