Sep 13 00:42:56 WIN-86FO1VGU3N4 MSWinEventLog 2 Microsoft-Windows-PowerShell/Operational 3 Wed Sep 13 00:42:56 2023 4100 Microsoft-Windows-PowerShell Administrator User Warning WIN-86FO1VGU3N4 Executing Pipeline  Error Message = This command cannot be run due to the error: Operation did not complete successfully because the file contains a virus or potentially unwanted software.  Fully Qualified Error ID = InvalidOperationException,Microsoft.PowerShell.Commands.StartProcessCommand      Context:          Severity = Warning          Host Name = ConsoleHost          Host Version = 5.1.20348.558          Host ID = d73922bc-f649-4e74-af5b-a4e5fcf00702          Host Application = C:\Windows\System32\WindowsPowerShell\v1.0\powershell.exe          Engine Version = 5.1.20348.558          Runspace ID = b56330e8-9ca3-4987-a43d-439f382ae834          Pipeline ID = 833          Command Name = Start-Process          Command Type = Cmdlet          Script Name =           Command Path =           Sequence Number = 33          User = WIN-86FO1VGU3N4\Administrator          Connected User =           Shell ID = Microsoft.PowerShell      User Data:     75
Sep 13 00:42:56 WIN-86FO1VGU3N4 MSWinEventLog 2 Microsoft-Windows-Windows Defender/Operational 4 Wed Sep 13 00:42:56 2023 1116 Microsoft-Windows-Windows Defender SYSTEM User Warning WIN-86FO1VGU3N4 N/A  Microsoft Defender Antivirus has detected malware or other potentially unwanted software.   For more information please see the following:  https://go.microsoft.com/fwlink/?linkid=37020&name=Trojan:Win32/Malgent!MSR&threatid=2147742994&enterprise=0    Name: Trojan:Win32/Malgent!MSR    ID: 2147742994    Severity: Severe    Category: Trojan    Path: file:_C:\Users\Public\splunkd.exe    Detection Origin: Local machine    Detection Type: FastPath    Detection Source: Real-Time Protection    User: WIN-86FO1VGU3N4\Administrator    Process Name: C:\Windows\System32\WindowsPowerShell\v1.0\powershell.exe    Security intelligence Version: AV: 1.397.831.0, AS: 1.397.831.0, NIS: 1.397.831.0    Engine Version: AM: 1.1.23080.2005, NIS: 1.1.23080.2005 115
Sep 13 00:43:06 WIN-86FO1VGU3N4 MSWinEventLog 1 Microsoft-Windows-Windows Defender/Operational 5 Wed Sep 13 00:43:06 2023 1117 Microsoft-Windows-Windows Defender SYSTEM User Information WIN-86FO1VGU3N4 N/A  Microsoft Defender Antivirus has taken action to protect this machine from malware or other potentially unwanted software.   For more information please see the following:  https://go.microsoft.com/fwlink/?linkid=37020&name=Trojan:Win32/Malgent!MSR&threatid=2147742994&enterprise=0    Name: Trojan:Win32/Malgent!MSR    ID: 2147742994    Severity: Severe    Category: Trojan    Path: file:_C:\Users\Public\splunkd.exe    Detection Origin: Local machine    Detection Type: FastPath    Detection Source: Real-Time Protection    User: NT AUTHORITY\SYSTEM    Process Name: C:\Windows\System32\WindowsPowerShell\v1.0\powershell.exe    Action: Quarantine    Action Status:  No additional actions required    Error Code: 0x00000000    Error description: The operation completed successfully.     Security intelligence Version: AV: 1.397.831.0, AS: 1.397.831.0, NIS: 1.397.831.0    Engine Version: AM: 1.1.23080.2005, NIS: 1.1.23080.2005 116
