Sep 13 00:47:26 WIN-86FO1VGU3N4 MSWinEventLog 1 System 15 Wed Sep 13 00:47:26 2023 7036 Service Control Manager N/A N/A Information WIN-86FO1VGU3N4 N/A  The Microsoft Defender Antivirus Network Inspection Service service entered the stopped state. 1117
Sep 13 00:47:27 WIN-86FO1VGU3N4 MSWinEventLog 1 Microsoft-Windows-Windows Defender/Operational 16 Wed Sep 13 00:47:27 2023 5001 Microsoft-Windows-Windows Defender SYSTEM User Information WIN-86FO1VGU3N4 N/A  Microsoft Defender Antivirus Real-time Protection scanning for malware and other potentially unwanted software was disabled. 117
Sep 13 00:47:28 WIN-86FO1VGU3N4 MSWinEventLog 1 Microsoft-Windows-Windows Defender/Operational 17 Wed Sep 13 00:47:28 2023 5007 Microsoft-Windows-Windows Defender SYSTEM User Information WIN-86FO1VGU3N4 N/A  Microsoft Defender Antivirus Configuration has changed. If this is an unexpected event you should review the settings as this may be the result of malware.    Old value: HKLM\SOFTWARE\Microsoft\Windows Defender\SpyNet\SpyNetReporting = 0x2    New value: HKLM\SOFTWARE\Microsoft\Windows Defender\SpyNet\SpyNetReporting = 0x0 118
Sep 13 00:47:29 WIN-86FO1VGU3N4 MSWinEventLog 1 Microsoft-Windows-Windows Defender/Operational 18 Wed Sep 13 00:47:29 2023 5007 Microsoft-Windows-Windows Defender SYSTEM User Information WIN-86FO1VGU3N4 N/A  Microsoft Defender Antivirus Configuration has changed. If this is an unexpected event you should review the settings as this may be the result of malware.    Old value: HKLM\SOFTWARE\Microsoft\Windows Defender\SpyNet\SubmitSamplesConsent = 0x1    New value: HKLM\SOFTWARE\Microsoft\Windows Defender\SpyNet\SubmitSamplesConsent = 0x0 119
Sep 13 00:47:31 WIN-86FO1VGU3N4 MSWinEventLog 1 Microsoft-Windows-Windows Defender/Operational 19 Wed Sep 13 00:47:31 2023 5007 Microsoft-Windows-Windows Defender SYSTEM User Information WIN-86FO1VGU3N4 N/A  Microsoft Defender Antivirus Configuration has changed. If this is an unexpected event you should review the settings as this may be the result of malware.    Old value: HKLM\SOFTWARE\Microsoft\Windows Defender\Features\TamperProtection = 0x5    New value: HKLM\SOFTWARE\Microsoft\Windows Defender\Features\TamperProtection = 0x4 120
